<?xml version="1.0" encoding="UTF-8"?>
<coverage generated="1698887189747" clover="3.2.0">
  <project timestamp="1698887189747" name="All files">
    <metrics statements="34" coveredstatements="23" conditionals="8" coveredconditionals="1" methods="14" coveredmethods="6" elements="56" coveredelements="30" complexity="0" loc="34" ncloc="34" packages="2" files="6" classes="6"/>
    <package name="components">
      <metrics statements="9" coveredstatements="9" conditionals="2" coveredconditionals="1" methods="4" coveredmethods="4"/>
      <file name="Contact.js" path="D:\🔥🔥🔥 Mission@2ndJob 🔥🔥🔥\CodeNCode\Namaste React 🚀\src\components\Contact.js">
        <metrics statements="2" coveredstatements="2" conditionals="0" coveredconditionals="0" methods="1" coveredmethods="1"/>
        <line num="1" count="1" type="stmt"/>
        <line num="2" count="1" type="stmt"/>
      </file>
      <file name="Header.js" path="D:\🔥🔥🔥 Mission@2ndJob 🔥🔥🔥\CodeNCode\Namaste React 🚀\src\components\Header.js">
        <metrics statements="7" coveredstatements="7" conditionals="2" coveredconditionals="1" methods="3" coveredmethods="3"/>
        <line num="7" count="1" type="stmt"/>
        <line num="8" count="4" type="stmt"/>
        <line num="9" count="4" type="stmt"/>
        <line num="11" count="4" type="stmt"/>
        <line num="14" count="7" type="stmt"/>
        <line num="16" count="4" type="stmt"/>
        <line num="44" count="1" type="cond" truecount="1" falsecount="1"/>
      </file>
    </package>
    <package name="utils">
      <metrics statements="25" coveredstatements="14" conditionals="6" coveredconditionals="0" methods="10" coveredmethods="2"/>
      <file name="appStore.js" path="D:\🔥🔥🔥 Mission@2ndJob 🔥🔥🔥\CodeNCode\Namaste React 🚀\src\utils\appStore.js">
        <metrics statements="1" coveredstatements="1" conditionals="0" coveredconditionals="0" methods="0" coveredmethods="0"/>
        <line num="4" count="1" type="stmt"/>
      </file>
      <file name="cartSlice.js" path="D:\🔥🔥🔥 Mission@2ndJob 🔥🔥🔥\CodeNCode\Namaste React 🚀\src\utils\cartSlice.js">
        <metrics statements="11" coveredstatements="2" conditionals="6" coveredconditionals="0" methods="6" coveredmethods="0"/>
        <line num="3" count="1" type="stmt"/>
        <line num="12" count="0" type="stmt"/>
        <line num="15" count="0" type="stmt"/>
        <line num="17" count="0" type="cond" truecount="0" falsecount="2"/>
        <line num="18" count="0" type="cond" truecount="0" falsecount="2"/>
        <line num="22" count="0" type="stmt"/>
        <line num="23" count="0" type="stmt"/>
        <line num="27" count="0" type="cond" truecount="0" falsecount="2"/>
        <line num="28" count="0" type="stmt"/>
        <line num="32" count="0" type="stmt"/>
        <line num="44" count="1" type="stmt"/>
      </file>
      <file name="constants.js" path="D:\🔥🔥🔥 Mission@2ndJob 🔥🔥🔥\CodeNCode\Namaste React 🚀\src\utils\constants.js">
        <metrics statements="5" coveredstatements="5" conditionals="0" coveredconditionals="0" methods="0" coveredmethods="0"/>
        <line num="2" count="1" type="stmt"/>
        <line num="5" count="1" type="stmt"/>
        <line num="8" count="1" type="stmt"/>
        <line num="11" count="1" type="stmt"/>
        <line num="14" count="1" type="stmt"/>
      </file>
      <file name="useOnlineStatus.js" path="D:\🔥🔥🔥 Mission@2ndJob 🔥🔥🔥\CodeNCode\Namaste React 🚀\src\utils\useOnlineStatus.js">
        <metrics statements="8" coveredstatements="6" conditionals="0" coveredconditionals="0" methods="4" coveredmethods="2"/>
        <line num="3" count="1" type="stmt"/>
        <line num="5" count="4" type="stmt"/>
        <line num="7" count="4" type="stmt"/>
        <line num="8" count="3" type="stmt"/>
        <line num="9" count="0" type="stmt"/>
        <line num="11" count="3" type="stmt"/>
        <line num="12" count="0" type="stmt"/>
        <line num="16" count="4" type="stmt"/>
      </file>
    </package>
  </project>
</coverage>
