{"D:\\🔥🔥🔥 Mission@2ndJob 🔥🔥🔥\\CodeNCode\\Namaste React 🚀\\src\\components\\Contact.js": {"path":"D:\\🔥🔥🔥 Mission@2ndJob 🔥🔥🔥\\CodeNCode\\Namaste React 🚀\\src\\components\\Contact.js","statementMap":{"0":{"start":{"line":1,"column":16},"end":{"line":40,"column":1}},"1":{"start":{"line":2,"column":2},"end":{"line":39,"column":4}}},"fnMap":{"0":{"name":"(anonymous_0)","decl":{"start":{"line":1,"column":16},"end":{"line":1,"column":17}},"loc":{"start":{"line":1,"column":22},"end":{"line":40,"column":1}},"line":1}},"branchMap":{},"s":{"0":1,"1":1},"f":{"0":1},"b":{},"_coverageSchema":"1a1c01bbd47fc00a2c39e90264f33305004495a9","hash":"2d319ca94eb080272fbc3b2ab1960d37976141e7"}
,"D:\\🔥🔥🔥 Mission@2ndJob 🔥🔥🔥\\CodeNCode\\Namaste React 🚀\\src\\components\\Header.js": {"path":"D:\\🔥🔥🔥 Mission@2ndJob 🔥🔥🔥\\CodeNCode\\Namaste React 🚀\\src\\components\\Header.js","statementMap":{"0":{"start":{"line":7,"column":15},"end":{"line":55,"column":1}},"1":{"start":{"line":8,"column":42},"end":{"line":8,"column":59}},"2":{"start":{"line":9,"column":2},"end":{"line":9,"column":31}},"3":{"start":{"line":11,"column":23},"end":{"line":11,"column":40}},"4":{"start":{"line":14,"column":20},"end":{"line":14,"column":60}},"5":{"start":{"line":14,"column":43},"end":{"line":14,"column":59}},"6":{"start":{"line":16,"column":2},"end":{"line":54,"column":4}},"7":{"start":{"line":44,"column":14},"end":{"line":46,"column":43}}},"fnMap":{"0":{"name":"(anonymous_0)","decl":{"start":{"line":7,"column":15},"end":{"line":7,"column":16}},"loc":{"start":{"line":7,"column":21},"end":{"line":55,"column":1}},"line":7},"1":{"name":"(anonymous_1)","decl":{"start":{"line":14,"column":32},"end":{"line":14,"column":33}},"loc":{"start":{"line":14,"column":43},"end":{"line":14,"column":59}},"line":14},"2":{"name":"(anonymous_2)","decl":{"start":{"line":43,"column":21},"end":{"line":43,"column":22}},"loc":{"start":{"line":43,"column":27},"end":{"line":47,"column":13}},"line":43}},"branchMap":{"0":{"loc":{"start":{"line":44,"column":14},"end":{"line":46,"column":42}},"type":"cond-expr","locations":[{"start":{"line":45,"column":18},"end":{"line":45,"column":43}},{"start":{"line":46,"column":18},"end":{"line":46,"column":42}}],"line":44}},"s":{"0":1,"1":4,"2":4,"3":4,"4":4,"5":7,"6":4,"7":1},"f":{"0":4,"1":7,"2":1},"b":{"0":[1,0]},"_coverageSchema":"1a1c01bbd47fc00a2c39e90264f33305004495a9","hash":"f6d7d312c909dc5bb0ad10d107ec742c569160a7"}
,"D:\\🔥🔥🔥 Mission@2ndJob 🔥🔥🔥\\CodeNCode\\Namaste React 🚀\\src\\utils\\appStore.js": {"path":"D:\\🔥🔥🔥 Mission@2ndJob 🔥🔥🔥\\CodeNCode\\Namaste React 🚀\\src\\utils\\appStore.js","statementMap":{"0":{"start":{"line":4,"column":17},"end":{"line":8,"column":2}}},"fnMap":{},"branchMap":{},"s":{"0":1},"f":{},"b":{},"_coverageSchema":"1a1c01bbd47fc00a2c39e90264f33305004495a9","hash":"4e7f66b1fabd0801fbbe32d3914b5ee4cd60fed6"}
,"D:\\🔥🔥🔥 Mission@2ndJob 🔥🔥🔥\\CodeNCode\\Namaste React 🚀\\src\\utils\\cartSlice.js": {"path":"D:\\🔥🔥🔥 Mission@2ndJob 🔥🔥🔥\\CodeNCode\\Namaste React 🚀\\src\\utils\\cartSlice.js","statementMap":{"0":{"start":{"line":3,"column":18},"end":{"line":36,"column":2}},"1":{"start":{"line":12,"column":12},"end":{"line":12,"column":45}},"2":{"start":{"line":15,"column":26},"end":{"line":15,"column":85}},"3":{"start":{"line":15,"column":56},"end":{"line":15,"column":84}},"4":{"start":{"line":17,"column":12},"end":{"line":17,"column":58}},"5":{"start":{"line":17,"column":29},"end":{"line":17,"column":58}},"6":{"start":{"line":18,"column":12},"end":{"line":18,"column":65}},"7":{"start":{"line":18,"column":41},"end":{"line":18,"column":65}},"8":{"start":{"line":22,"column":12},"end":{"line":22,"column":29}},"9":{"start":{"line":23,"column":12},"end":{"line":23,"column":55}},"10":{"start":{"line":27,"column":12},"end":{"line":28,"column":50}},"11":{"start":{"line":28,"column":16},"end":{"line":28,"column":50}},"12":{"start":{"line":32,"column":12},"end":{"line":32,"column":53}},"13":{"start":{"line":44,"column":4},"end":{"line":44,"column":21}}},"fnMap":{"0":{"name":"(anonymous_0)","decl":{"start":{"line":11,"column":17},"end":{"line":11,"column":18}},"loc":{"start":{"line":11,"column":36},"end":{"line":13,"column":9}},"line":11},"1":{"name":"(anonymous_1)","decl":{"start":{"line":14,"column":20},"end":{"line":14,"column":21}},"loc":{"start":{"line":14,"column":39},"end":{"line":20,"column":9}},"line":14},"2":{"name":"(anonymous_2)","decl":{"start":{"line":15,"column":48},"end":{"line":15,"column":49}},"loc":{"start":{"line":15,"column":56},"end":{"line":15,"column":84}},"line":15},"3":{"name":"(anonymous_3)","decl":{"start":{"line":21,"column":19},"end":{"line":21,"column":20}},"loc":{"start":{"line":21,"column":30},"end":{"line":24,"column":9}},"line":21},"4":{"name":"(anonymous_4)","decl":{"start":{"line":26,"column":30},"end":{"line":26,"column":31}},"loc":{"start":{"line":26,"column":49},"end":{"line":29,"column":9}},"line":26},"5":{"name":"(anonymous_5)","decl":{"start":{"line":31,"column":37},"end":{"line":31,"column":38}},"loc":{"start":{"line":31,"column":56},"end":{"line":33,"column":9}},"line":31}},"branchMap":{"0":{"loc":{"start":{"line":17,"column":12},"end":{"line":17,"column":58}},"type":"if","locations":[{"start":{"line":17,"column":12},"end":{"line":17,"column":58}},{"start":{},"end":{}}],"line":17},"1":{"loc":{"start":{"line":18,"column":12},"end":{"line":18,"column":65}},"type":"if","locations":[{"start":{"line":18,"column":12},"end":{"line":18,"column":65}},{"start":{},"end":{}}],"line":18},"2":{"loc":{"start":{"line":27,"column":12},"end":{"line":28,"column":50}},"type":"if","locations":[{"start":{"line":27,"column":12},"end":{"line":28,"column":50}},{"start":{},"end":{}}],"line":27}},"s":{"0":1,"1":0,"2":0,"3":0,"4":0,"5":0,"6":0,"7":0,"8":0,"9":0,"10":0,"11":0,"12":0,"13":1},"f":{"0":0,"1":0,"2":0,"3":0,"4":0,"5":0},"b":{"0":[0,0],"1":[0,0],"2":[0,0]},"_coverageSchema":"1a1c01bbd47fc00a2c39e90264f33305004495a9","hash":"683364fb39b8dcdd32b0cc34fc5d3c3aa4931ca6"}
,"D:\\🔥🔥🔥 Mission@2ndJob 🔥🔥🔥\\CodeNCode\\Namaste React 🚀\\src\\utils\\constants.js": {"path":"D:\\🔥🔥🔥 Mission@2ndJob 🔥🔥🔥\\CodeNCode\\Namaste React 🚀\\src\\utils\\constants.js","statementMap":{"0":{"start":{"line":2,"column":2},"end":{"line":2,"column":93}},"1":{"start":{"line":5,"column":2},"end":{"line":5,"column":56}},"2":{"start":{"line":8,"column":2},"end":{"line":8,"column":91}},"3":{"start":{"line":11,"column":2},"end":{"line":11,"column":111}},"4":{"start":{"line":14,"column":2},"end":{"line":14,"column":132}}},"fnMap":{},"branchMap":{},"s":{"0":1,"1":1,"2":1,"3":1,"4":1},"f":{},"b":{},"_coverageSchema":"1a1c01bbd47fc00a2c39e90264f33305004495a9","hash":"9bc6f4238c3820ca42a1fc4ec37841a76fd26928"}
,"D:\\🔥🔥🔥 Mission@2ndJob 🔥🔥🔥\\CodeNCode\\Namaste React 🚀\\src\\utils\\useOnlineStatus.js": {"path":"D:\\🔥🔥🔥 Mission@2ndJob 🔥🔥🔥\\CodeNCode\\Namaste React 🚀\\src\\utils\\useOnlineStatus.js","statementMap":{"0":{"start":{"line":3,"column":24},"end":{"line":17,"column":1}},"1":{"start":{"line":5,"column":44},"end":{"line":5,"column":58}},"2":{"start":{"line":7,"column":4},"end":{"line":14,"column":11}},"3":{"start":{"line":8,"column":8},"end":{"line":10,"column":11}},"4":{"start":{"line":9,"column":12},"end":{"line":9,"column":35}},"5":{"start":{"line":11,"column":8},"end":{"line":13,"column":11}},"6":{"start":{"line":12,"column":10},"end":{"line":12,"column":32}},"7":{"start":{"line":16,"column":4},"end":{"line":16,"column":24}}},"fnMap":{"0":{"name":"(anonymous_0)","decl":{"start":{"line":3,"column":24},"end":{"line":3,"column":25}},"loc":{"start":{"line":3,"column":30},"end":{"line":17,"column":1}},"line":3},"1":{"name":"(anonymous_1)","decl":{"start":{"line":7,"column":14},"end":{"line":7,"column":15}},"loc":{"start":{"line":7,"column":20},"end":{"line":14,"column":5}},"line":7},"2":{"name":"(anonymous_2)","decl":{"start":{"line":8,"column":43},"end":{"line":8,"column":44}},"loc":{"start":{"line":8,"column":49},"end":{"line":10,"column":9}},"line":8},"3":{"name":"(anonymous_3)","decl":{"start":{"line":11,"column":42},"end":{"line":11,"column":43}},"loc":{"start":{"line":11,"column":48},"end":{"line":13,"column":9}},"line":11}},"branchMap":{},"s":{"0":1,"1":4,"2":4,"3":3,"4":0,"5":3,"6":0,"7":4},"f":{"0":4,"1":3,"2":0,"3":0},"b":{},"_coverageSchema":"1a1c01bbd47fc00a2c39e90264f33305004495a9","hash":"1f8c97a84c56c9190396801770134ff485fdebd8"}
}
